<?xml version="1.0" encoding="UTF-8"?>
<!-- Generated by org.testng.reporters.JUnitReportReporter -->
<testsuite hostname="pc" name="com.checkboxpractice.checkbox" tests="1" failures="0" timestamp="15 Oct 2019 12:14:45 GMT" time="15.555" errors="0">
  <testcase name="check" time="15.555" classname="com.checkboxpractice.checkbox"/>
</testsuite> <!-- com.checkboxpractice.checkbox -->
